<?xml version="1.0" encoding="UTF-8"?>
<coverage generated="1692187268334" clover="3.2.0">
  <project timestamp="1692187268334" name="All files">
    <metrics statements="83" coveredstatements="37" conditionals="65" coveredconditionals="15" methods="11" coveredmethods="10" elements="159" coveredelements="62" complexity="0" loc="83" ncloc="83" packages="2" files="6" classes="6"/>
    <package name="components">
      <metrics statements="37" coveredstatements="26" conditionals="8" coveredconditionals="5" methods="9" coveredmethods="8"/>
      <file name="Button.js" path="C:\Users\kathy\OneDrive\Desktop\microverse\MOdule3_React\math-magician\src\components\Button.js">
        <metrics statements="4" coveredstatements="4" conditionals="0" coveredconditionals="0" methods="1" coveredmethods="1"/>
        <line num="4" count="20" type="stmt"/>
        <line num="5" count="20" type="stmt"/>
        <line num="12" count="2" type="stmt"/>
        <line num="18" count="2" type="stmt"/>
      </file>
      <file name="Calculator.js" path="C:\Users\kathy\OneDrive\Desktop\microverse\MOdule3_React\math-magician\src\components\Calculator.js">
        <metrics statements="9" coveredstatements="6" conditionals="4" coveredconditionals="4" methods="3" coveredmethods="2"/>
        <line num="7" count="1" type="stmt"/>
        <line num="12" count="1" type="stmt"/>
        <line num="13" count="0" type="stmt"/>
        <line num="14" count="0" type="stmt"/>
        <line num="15" count="0" type="stmt"/>
        <line num="17" count="1" type="stmt"/>
        <line num="18" count="1" type="stmt"/>
        <line num="116" count="1" type="stmt"/>
        <line num="124" count="19" type="stmt"/>
      </file>
      <file name="Home.js" path="C:\Users\kathy\OneDrive\Desktop\microverse\MOdule3_React\math-magician\src\components\Home.js">
        <metrics statements="1" coveredstatements="1" conditionals="0" coveredconditionals="0" methods="1" coveredmethods="1"/>
        <line num="2" count="1" type="stmt"/>
      </file>
      <file name="Nav.js" path="C:\Users\kathy\OneDrive\Desktop\microverse\MOdule3_React\math-magician\src\components\Nav.js">
        <metrics statements="2" coveredstatements="2" conditionals="0" coveredconditionals="0" methods="1" coveredmethods="1"/>
        <line num="5" count="1" type="stmt"/>
        <line num="6" count="1" type="stmt"/>
      </file>
      <file name="Quote.js" path="C:\Users\kathy\OneDrive\Desktop\microverse\MOdule3_React\math-magician\src\components\Quote.js">
        <metrics statements="21" coveredstatements="13" conditionals="4" coveredconditionals="1" methods="3" coveredmethods="3"/>
        <line num="4" count="1" type="stmt"/>
        <line num="5" count="1" type="stmt"/>
        <line num="12" count="1" type="stmt"/>
        <line num="13" count="1" type="stmt"/>
        <line num="15" count="1" type="stmt"/>
        <line num="16" count="1" type="stmt"/>
        <line num="17" count="1" type="stmt"/>
        <line num="18" count="1" type="stmt"/>
        <line num="19" count="1" type="stmt"/>
        <line num="20" count="1" type="stmt"/>
        <line num="26" count="0" type="stmt"/>
        <line num="27" count="0" type="stmt"/>
        <line num="28" count="0" type="stmt"/>
        <line num="30" count="0" type="stmt"/>
        <line num="31" count="0" type="stmt"/>
        <line num="34" count="1" type="stmt"/>
        <line num="37" count="1" type="cond" truecount="1" falsecount="1"/>
        <line num="38" count="1" type="stmt"/>
        <line num="45" count="0" type="cond" truecount="0" falsecount="2"/>
        <line num="46" count="0" type="stmt"/>
        <line num="53" count="0" type="stmt"/>
      </file>
    </package>
    <package name="logic">
      <metrics statements="46" coveredstatements="11" conditionals="57" coveredconditionals="10" methods="2" coveredmethods="2"/>
      <file name="calculate.js" path="C:\Users\kathy\OneDrive\Desktop\microverse\MOdule3_React\math-magician\src\logic\calculate.js">
        <metrics statements="46" coveredstatements="11" conditionals="57" coveredconditionals="10" methods="2" coveredmethods="2"/>
        <line num="4" count="1" type="stmt"/>
        <line num="17" count="2" type="cond" truecount="2" falsecount="0"/>
        <line num="18" count="1" type="stmt"/>
        <line num="25" count="1" type="cond" truecount="1" falsecount="1"/>
        <line num="26" count="0" type="cond" truecount="0" falsecount="4"/>
        <line num="27" count="0" type="stmt"/>
        <line num="30" count="0" type="cond" truecount="0" falsecount="2"/>
        <line num="31" count="0" type="cond" truecount="0" falsecount="4"/>
        <line num="32" count="0" type="stmt"/>
        <line num="34" count="0" type="stmt"/>
        <line num="37" count="0" type="cond" truecount="0" falsecount="4"/>
        <line num="38" count="0" type="stmt"/>
        <line num="43" count="0" type="stmt"/>
        <line num="49" count="1" type="cond" truecount="1" falsecount="1"/>
        <line num="50" count="0" type="cond" truecount="0" falsecount="2"/>
        <line num="51" count="0" type="cond" truecount="0" falsecount="2"/>
        <line num="52" count="0" type="stmt"/>
        <line num="54" count="0" type="stmt"/>
        <line num="56" count="0" type="cond" truecount="0" falsecount="2"/>
        <line num="57" count="0" type="stmt"/>
        <line num="59" count="0" type="cond" truecount="0" falsecount="2"/>
        <line num="60" count="0" type="cond" truecount="0" falsecount="2"/>
        <line num="61" count="0" type="stmt"/>
        <line num="63" count="0" type="stmt"/>
        <line num="65" count="0" type="stmt"/>
        <line num="68" count="1" type="cond" truecount="1" falsecount="1"/>
        <line num="69" count="0" type="cond" truecount="0" falsecount="4"/>
        <line num="70" count="0" type="stmt"/>
        <line num="77" count="0" type="stmt"/>
        <line num="80" count="1" type="cond" truecount="1" falsecount="1"/>
        <line num="81" count="0" type="cond" truecount="0" falsecount="2"/>
        <line num="82" count="0" type="stmt"/>
        <line num="84" count="0" type="cond" truecount="0" falsecount="2"/>
        <line num="85" count="0" type="stmt"/>
        <line num="87" count="0" type="stmt"/>
        <line num="99" count="1" type="cond" truecount="2" falsecount="3"/>
        <line num="100" count="0" type="stmt"/>
        <line num="104" count="1" type="cond" truecount="1" falsecount="1"/>
        <line num="105" count="0" type="cond" truecount="0" falsecount="4"/>
        <line num="106" count="0" type="stmt"/>
        <line num="108" count="0" type="cond" truecount="0" falsecount="2"/>
        <line num="109" count="0" type="stmt"/>
        <line num="112" count="0" type="stmt"/>
        <line num="122" count="1" type="cond" truecount="1" falsecount="1"/>
        <line num="123" count="0" type="stmt"/>
        <line num="127" count="1" type="stmt"/>
      </file>
    </package>
  </project>
</coverage>
