{"C:\\Users\\kathy\\OneDrive\\Desktop\\microverse\\MOdule3_React\\math-magician\\src\\components\\Button.js": {"path":"C:\\Users\\kathy\\OneDrive\\Desktop\\microverse\\MOdule3_React\\math-magician\\src\\components\\Button.js","statementMap":{"0":{"start":{"line":4,"column":50},"end":{"line":4,"column":55}},"1":{"start":{"line":5,"column":2},"end":{"line":9,"column":4}},"2":{"start":{"line":12,"column":0},"end":{"line":16,"column":2}},"3":{"start":{"line":18,"column":0},"end":{"line":20,"column":2}}},"fnMap":{"0":{"name":"Button","decl":{"start":{"line":3,"column":9},"end":{"line":3,"column":15}},"loc":{"start":{"line":3,"column":23},"end":{"line":10,"column":1}},"line":3}},"branchMap":{},"s":{"0":20,"1":20,"2":2,"3":2},"f":{"0":20},"b":{},"_coverageSchema":"1a1c01bbd47fc00a2c39e90264f33305004495a9","hash":"fa4a6c9f7811659203e4bcfc0eb2aefaf2a1706f"}
,"C:\\Users\\kathy\\OneDrive\\Desktop\\microverse\\MOdule3_React\\math-magician\\src\\components\\Calculator.js": {"path":"C:\\Users\\kathy\\OneDrive\\Desktop\\microverse\\MOdule3_React\\math-magician\\src\\components\\Calculator.js","statementMap":{"0":{"start":{"line":7,"column":46},"end":{"line":11,"column":4}},"1":{"start":{"line":12,"column":28},"end":{"line":16,"column":3}},"2":{"start":{"line":13,"column":23},"end":{"line":13,"column":47}},"3":{"start":{"line":14,"column":21},"end":{"line":14,"column":58}},"4":{"start":{"line":15,"column":4},"end":{"line":15,"column":32}},"5":{"start":{"line":17,"column":37},"end":{"line":17,"column":51}},"6":{"start":{"line":18,"column":15},"end":{"line":114,"column":3}},"7":{"start":{"line":116,"column":2},"end":{"line":134,"column":4}},"8":{"start":{"line":124,"column":10},"end":{"line":129,"column":12}}},"fnMap":{"0":{"name":"Calculator","decl":{"start":{"line":6,"column":9},"end":{"line":6,"column":19}},"loc":{"start":{"line":6,"column":22},"end":{"line":135,"column":1}},"line":6},"1":{"name":"(anonymous_1)","decl":{"start":{"line":12,"column":28},"end":{"line":12,"column":29}},"loc":{"start":{"line":12,"column":39},"end":{"line":16,"column":3}},"line":12},"2":{"name":"(anonymous_2)","decl":{"start":{"line":123,"column":18},"end":{"line":123,"column":19}},"loc":{"start":{"line":124,"column":10},"end":{"line":129,"column":12}},"line":124}},"branchMap":{"0":{"loc":{"start":{"line":121,"column":42},"end":{"line":121,"column":73}},"type":"binary-expr","locations":[{"start":{"line":121,"column":42},"end":{"line":121,"column":46}},{"start":{"line":121,"column":50},"end":{"line":121,"column":59}},{"start":{"line":121,"column":63},"end":{"line":121,"column":68}},{"start":{"line":121,"column":72},"end":{"line":121,"column":73}}],"line":121}},"s":{"0":1,"1":1,"2":0,"3":0,"4":0,"5":1,"6":1,"7":1,"8":19},"f":{"0":1,"1":0,"2":19},"b":{"0":[1,1,1,1]},"_coverageSchema":"1a1c01bbd47fc00a2c39e90264f33305004495a9","hash":"2c511b7a760f7e5ba1ee5ae0a1434224fe50c303"}
,"C:\\Users\\kathy\\OneDrive\\Desktop\\microverse\\MOdule3_React\\math-magician\\src\\components\\Home.js": {"path":"C:\\Users\\kathy\\OneDrive\\Desktop\\microverse\\MOdule3_React\\math-magician\\src\\components\\Home.js","statementMap":{"0":{"start":{"line":2,"column":2},"end":{"line":7,"column":4}}},"fnMap":{"0":{"name":"Home","decl":{"start":{"line":1,"column":9},"end":{"line":1,"column":13}},"loc":{"start":{"line":1,"column":16},"end":{"line":8,"column":1}},"line":1}},"branchMap":{},"s":{"0":1},"f":{"0":1},"b":{},"_coverageSchema":"1a1c01bbd47fc00a2c39e90264f33305004495a9","hash":"1f4a0fc957e7f11a2d7c2d27913a28bd50eb7fc7"}
,"C:\\Users\\kathy\\OneDrive\\Desktop\\microverse\\MOdule3_React\\math-magician\\src\\components\\Nav.js": {"path":"C:\\Users\\kathy\\OneDrive\\Desktop\\microverse\\MOdule3_React\\math-magician\\src\\components\\Nav.js","statementMap":{"0":{"start":{"line":5,"column":12},"end":{"line":14,"column":1}},"1":{"start":{"line":6,"column":2},"end":{"line":13,"column":8}}},"fnMap":{"0":{"name":"(anonymous_0)","decl":{"start":{"line":5,"column":12},"end":{"line":5,"column":13}},"loc":{"start":{"line":6,"column":2},"end":{"line":13,"column":8}},"line":6}},"branchMap":{},"s":{"0":1,"1":1},"f":{"0":1},"b":{},"_coverageSchema":"1a1c01bbd47fc00a2c39e90264f33305004495a9","hash":"c3d3238d850c183f37eb9b81158a6737631b4889"}
,"C:\\Users\\kathy\\OneDrive\\Desktop\\microverse\\MOdule3_React\\math-magician\\src\\components\\Quote.js": {"path":"C:\\Users\\kathy\\OneDrive\\Desktop\\microverse\\MOdule3_React\\math-magician\\src\\components\\Quote.js","statementMap":{"0":{"start":{"line":4,"column":14},"end":{"line":66,"column":1}},"1":{"start":{"line":5,"column":30},"end":{"line":11,"column":4}},"2":{"start":{"line":12,"column":28},"end":{"line":12,"column":42}},"3":{"start":{"line":13,"column":32},"end":{"line":13,"column":46}},"4":{"start":{"line":15,"column":2},"end":{"line":35,"column":9}},"5":{"start":{"line":16,"column":23},"end":{"line":33,"column":5}},"6":{"start":{"line":17,"column":6},"end":{"line":32,"column":7}},"7":{"start":{"line":18,"column":23},"end":{"line":18,"column":65}},"8":{"start":{"line":19,"column":23},"end":{"line":19,"column":61}},"9":{"start":{"line":20,"column":25},"end":{"line":25,"column":10}},"10":{"start":{"line":26,"column":21},"end":{"line":26,"column":42}},"11":{"start":{"line":27,"column":8},"end":{"line":27,"column":27}},"12":{"start":{"line":28,"column":8},"end":{"line":28,"column":26}},"13":{"start":{"line":30,"column":8},"end":{"line":30,"column":32}},"14":{"start":{"line":31,"column":8},"end":{"line":31,"column":26}},"15":{"start":{"line":34,"column":4},"end":{"line":34,"column":17}},"16":{"start":{"line":37,"column":2},"end":{"line":43,"column":3}},"17":{"start":{"line":38,"column":4},"end":{"line":42,"column":6}},"18":{"start":{"line":45,"column":2},"end":{"line":51,"column":3}},"19":{"start":{"line":46,"column":4},"end":{"line":50,"column":6}},"20":{"start":{"line":53,"column":2},"end":{"line":65,"column":4}}},"fnMap":{"0":{"name":"(anonymous_0)","decl":{"start":{"line":4,"column":14},"end":{"line":4,"column":15}},"loc":{"start":{"line":4,"column":20},"end":{"line":66,"column":1}},"line":4},"1":{"name":"(anonymous_1)","decl":{"start":{"line":15,"column":12},"end":{"line":15,"column":13}},"loc":{"start":{"line":15,"column":18},"end":{"line":35,"column":3}},"line":15},"2":{"name":"(anonymous_2)","decl":{"start":{"line":16,"column":23},"end":{"line":16,"column":24}},"loc":{"start":{"line":16,"column":35},"end":{"line":33,"column":5}},"line":16}},"branchMap":{"0":{"loc":{"start":{"line":37,"column":2},"end":{"line":43,"column":3}},"type":"if","locations":[{"start":{"line":37,"column":2},"end":{"line":43,"column":3}},{"start":{},"end":{}}],"line":37},"1":{"loc":{"start":{"line":45,"column":2},"end":{"line":51,"column":3}},"type":"if","locations":[{"start":{"line":45,"column":2},"end":{"line":51,"column":3}},{"start":{},"end":{}}],"line":45}},"s":{"0":1,"1":1,"2":1,"3":1,"4":1,"5":1,"6":1,"7":1,"8":1,"9":1,"10":0,"11":0,"12":0,"13":0,"14":0,"15":1,"16":1,"17":1,"18":0,"19":0,"20":0},"f":{"0":1,"1":1,"2":1},"b":{"0":[1,0],"1":[0,0]},"_coverageSchema":"1a1c01bbd47fc00a2c39e90264f33305004495a9","hash":"75b96867fdebd77f7fcd7356baf0e6a64a7ced0d"}
,"C:\\Users\\kathy\\OneDrive\\Desktop\\microverse\\MOdule3_React\\math-magician\\src\\logic\\calculate.js": {"path":"C:\\Users\\kathy\\OneDrive\\Desktop\\microverse\\MOdule3_React\\math-magician\\src\\logic\\calculate.js","statementMap":{"0":{"start":{"line":4,"column":2},"end":{"line":4,"column":32}},"1":{"start":{"line":17,"column":2},"end":{"line":23,"column":3}},"2":{"start":{"line":18,"column":4},"end":{"line":22,"column":6}},"3":{"start":{"line":25,"column":2},"end":{"line":47,"column":3}},"4":{"start":{"line":26,"column":4},"end":{"line":28,"column":5}},"5":{"start":{"line":27,"column":6},"end":{"line":27,"column":16}},"6":{"start":{"line":30,"column":4},"end":{"line":35,"column":5}},"7":{"start":{"line":31,"column":6},"end":{"line":33,"column":7}},"8":{"start":{"line":32,"column":8},"end":{"line":32,"column":55}},"9":{"start":{"line":34,"column":6},"end":{"line":34,"column":42}},"10":{"start":{"line":37,"column":4},"end":{"line":42,"column":5}},"11":{"start":{"line":38,"column":6},"end":{"line":41,"column":8}},"12":{"start":{"line":43,"column":4},"end":{"line":46,"column":6}},"13":{"start":{"line":49,"column":2},"end":{"line":66,"column":3}},"14":{"start":{"line":50,"column":4},"end":{"line":55,"column":5}},"15":{"start":{"line":51,"column":6},"end":{"line":53,"column":7}},"16":{"start":{"line":52,"column":8},"end":{"line":52,"column":26}},"17":{"start":{"line":54,"column":6},"end":{"line":54,"column":46}},"18":{"start":{"line":56,"column":4},"end":{"line":58,"column":5}},"19":{"start":{"line":57,"column":6},"end":{"line":57,"column":36}},"20":{"start":{"line":59,"column":4},"end":{"line":64,"column":5}},"21":{"start":{"line":60,"column":6},"end":{"line":62,"column":7}},"22":{"start":{"line":61,"column":8},"end":{"line":61,"column":18}},"23":{"start":{"line":63,"column":6},"end":{"line":63,"column":47}},"24":{"start":{"line":65,"column":4},"end":{"line":65,"column":34}},"25":{"start":{"line":68,"column":2},"end":{"line":78,"column":3}},"26":{"start":{"line":69,"column":4},"end":{"line":75,"column":5}},"27":{"start":{"line":70,"column":6},"end":{"line":74,"column":8}},"28":{"start":{"line":77,"column":4},"end":{"line":77,"column":14}},"29":{"start":{"line":80,"column":2},"end":{"line":88,"column":3}},"30":{"start":{"line":81,"column":4},"end":{"line":83,"column":5}},"31":{"start":{"line":82,"column":6},"end":{"line":82,"column":70}},"32":{"start":{"line":84,"column":4},"end":{"line":86,"column":5}},"33":{"start":{"line":85,"column":6},"end":{"line":85,"column":72}},"34":{"start":{"line":87,"column":4},"end":{"line":87,"column":14}},"35":{"start":{"line":99,"column":2},"end":{"line":101,"column":3}},"36":{"start":{"line":100,"column":4},"end":{"line":100,"column":45}},"37":{"start":{"line":104,"column":2},"end":{"line":117,"column":3}},"38":{"start":{"line":105,"column":4},"end":{"line":107,"column":5}},"39":{"start":{"line":106,"column":6},"end":{"line":106,"column":47}},"40":{"start":{"line":108,"column":4},"end":{"line":110,"column":5}},"41":{"start":{"line":109,"column":6},"end":{"line":109,"column":49}},"42":{"start":{"line":112,"column":4},"end":{"line":116,"column":6}},"43":{"start":{"line":122,"column":2},"end":{"line":124,"column":3}},"44":{"start":{"line":123,"column":4},"end":{"line":123,"column":37}},"45":{"start":{"line":127,"column":2},"end":{"line":131,"column":4}}},"fnMap":{"0":{"name":"isNumber","decl":{"start":{"line":3,"column":9},"end":{"line":3,"column":17}},"loc":{"start":{"line":3,"column":24},"end":{"line":5,"column":1}},"line":3},"1":{"name":"calculate","decl":{"start":{"line":16,"column":24},"end":{"line":16,"column":33}},"loc":{"start":{"line":16,"column":51},"end":{"line":132,"column":1}},"line":16}},"branchMap":{"0":{"loc":{"start":{"line":17,"column":2},"end":{"line":23,"column":3}},"type":"if","locations":[{"start":{"line":17,"column":2},"end":{"line":23,"column":3}},{"start":{},"end":{}}],"line":17},"1":{"loc":{"start":{"line":25,"column":2},"end":{"line":47,"column":3}},"type":"if","locations":[{"start":{"line":25,"column":2},"end":{"line":47,"column":3}},{"start":{},"end":{}}],"line":25},"2":{"loc":{"start":{"line":26,"column":4},"end":{"line":28,"column":5}},"type":"if","locations":[{"start":{"line":26,"column":4},"end":{"line":28,"column":5}},{"start":{},"end":{}}],"line":26},"3":{"loc":{"start":{"line":26,"column":8},"end":{"line":26,"column":46}},"type":"binary-expr","locations":[{"start":{"line":26,"column":8},"end":{"line":26,"column":26}},{"start":{"line":26,"column":30},"end":{"line":26,"column":46}}],"line":26},"4":{"loc":{"start":{"line":30,"column":4},"end":{"line":35,"column":5}},"type":"if","locations":[{"start":{"line":30,"column":4},"end":{"line":35,"column":5}},{"start":{},"end":{}}],"line":30},"5":{"loc":{"start":{"line":31,"column":6},"end":{"line":33,"column":7}},"type":"if","locations":[{"start":{"line":31,"column":6},"end":{"line":33,"column":7}},{"start":{},"end":{}}],"line":31},"6":{"loc":{"start":{"line":31,"column":10},"end":{"line":31,"column":38}},"type":"binary-expr","locations":[{"start":{"line":31,"column":10},"end":{"line":31,"column":18}},{"start":{"line":31,"column":22},"end":{"line":31,"column":38}}],"line":31},"7":{"loc":{"start":{"line":37,"column":4},"end":{"line":42,"column":5}},"type":"if","locations":[{"start":{"line":37,"column":4},"end":{"line":42,"column":5}},{"start":{},"end":{}}],"line":37},"8":{"loc":{"start":{"line":37,"column":8},"end":{"line":37,"column":36}},"type":"binary-expr","locations":[{"start":{"line":37,"column":8},"end":{"line":37,"column":16}},{"start":{"line":37,"column":20},"end":{"line":37,"column":36}}],"line":37},"9":{"loc":{"start":{"line":49,"column":2},"end":{"line":66,"column":3}},"type":"if","locations":[{"start":{"line":49,"column":2},"end":{"line":66,"column":3}},{"start":{},"end":{}}],"line":49},"10":{"loc":{"start":{"line":50,"column":4},"end":{"line":55,"column":5}},"type":"if","locations":[{"start":{"line":50,"column":4},"end":{"line":55,"column":5}},{"start":{},"end":{}}],"line":50},"11":{"loc":{"start":{"line":51,"column":6},"end":{"line":53,"column":7}},"type":"if","locations":[{"start":{"line":51,"column":6},"end":{"line":53,"column":7}},{"start":{},"end":{}}],"line":51},"12":{"loc":{"start":{"line":56,"column":4},"end":{"line":58,"column":5}},"type":"if","locations":[{"start":{"line":56,"column":4},"end":{"line":58,"column":5}},{"start":{},"end":{}}],"line":56},"13":{"loc":{"start":{"line":59,"column":4},"end":{"line":64,"column":5}},"type":"if","locations":[{"start":{"line":59,"column":4},"end":{"line":64,"column":5}},{"start":{},"end":{}}],"line":59},"14":{"loc":{"start":{"line":60,"column":6},"end":{"line":62,"column":7}},"type":"if","locations":[{"start":{"line":60,"column":6},"end":{"line":62,"column":7}},{"start":{},"end":{}}],"line":60},"15":{"loc":{"start":{"line":68,"column":2},"end":{"line":78,"column":3}},"type":"if","locations":[{"start":{"line":68,"column":2},"end":{"line":78,"column":3}},{"start":{},"end":{}}],"line":68},"16":{"loc":{"start":{"line":69,"column":4},"end":{"line":75,"column":5}},"type":"if","locations":[{"start":{"line":69,"column":4},"end":{"line":75,"column":5}},{"start":{},"end":{}}],"line":69},"17":{"loc":{"start":{"line":69,"column":8},"end":{"line":69,"column":33}},"type":"binary-expr","locations":[{"start":{"line":69,"column":8},"end":{"line":69,"column":16}},{"start":{"line":69,"column":20},"end":{"line":69,"column":33}}],"line":69},"18":{"loc":{"start":{"line":80,"column":2},"end":{"line":88,"column":3}},"type":"if","locations":[{"start":{"line":80,"column":2},"end":{"line":88,"column":3}},{"start":{},"end":{}}],"line":80},"19":{"loc":{"start":{"line":81,"column":4},"end":{"line":83,"column":5}},"type":"if","locations":[{"start":{"line":81,"column":4},"end":{"line":83,"column":5}},{"start":{},"end":{}}],"line":81},"20":{"loc":{"start":{"line":84,"column":4},"end":{"line":86,"column":5}},"type":"if","locations":[{"start":{"line":84,"column":4},"end":{"line":86,"column":5}},{"start":{},"end":{}}],"line":84},"21":{"loc":{"start":{"line":99,"column":2},"end":{"line":101,"column":3}},"type":"if","locations":[{"start":{"line":99,"column":2},"end":{"line":101,"column":3}},{"start":{},"end":{}}],"line":99},"22":{"loc":{"start":{"line":99,"column":6},"end":{"line":99,"column":46}},"type":"binary-expr","locations":[{"start":{"line":99,"column":6},"end":{"line":99,"column":15}},{"start":{"line":99,"column":19},"end":{"line":99,"column":28}},{"start":{"line":99,"column":32},"end":{"line":99,"column":46}}],"line":99},"23":{"loc":{"start":{"line":104,"column":2},"end":{"line":117,"column":3}},"type":"if","locations":[{"start":{"line":104,"column":2},"end":{"line":117,"column":3}},{"start":{},"end":{}}],"line":104},"24":{"loc":{"start":{"line":105,"column":4},"end":{"line":107,"column":5}},"type":"if","locations":[{"start":{"line":105,"column":4},"end":{"line":107,"column":5}},{"start":{},"end":{}}],"line":105},"25":{"loc":{"start":{"line":105,"column":8},"end":{"line":105,"column":30}},"type":"binary-expr","locations":[{"start":{"line":105,"column":8},"end":{"line":105,"column":17}},{"start":{"line":105,"column":21},"end":{"line":105,"column":30}}],"line":105},"26":{"loc":{"start":{"line":108,"column":4},"end":{"line":110,"column":5}},"type":"if","locations":[{"start":{"line":108,"column":4},"end":{"line":110,"column":5}},{"start":{},"end":{}}],"line":108},"27":{"loc":{"start":{"line":122,"column":2},"end":{"line":124,"column":3}},"type":"if","locations":[{"start":{"line":122,"column":2},"end":{"line":124,"column":3}},{"start":{},"end":{}}],"line":122}},"s":{"0":1,"1":2,"2":1,"3":1,"4":0,"5":0,"6":0,"7":0,"8":0,"9":0,"10":0,"11":0,"12":0,"13":1,"14":0,"15":0,"16":0,"17":0,"18":0,"19":0,"20":0,"21":0,"22":0,"23":0,"24":0,"25":1,"26":0,"27":0,"28":0,"29":1,"30":0,"31":0,"32":0,"33":0,"34":0,"35":1,"36":0,"37":1,"38":0,"39":0,"40":0,"41":0,"42":0,"43":1,"44":0,"45":1},"f":{"0":1,"1":2},"b":{"0":[1,1],"1":[0,1],"2":[0,0],"3":[0,0],"4":[0,0],"5":[0,0],"6":[0,0],"7":[0,0],"8":[0,0],"9":[0,1],"10":[0,0],"11":[0,0],"12":[0,0],"13":[0,0],"14":[0,0],"15":[0,1],"16":[0,0],"17":[0,0],"18":[0,1],"19":[0,0],"20":[0,0],"21":[0,1],"22":[1,0,0],"23":[0,1],"24":[0,0],"25":[0,0],"26":[0,0],"27":[0,1]},"_coverageSchema":"1a1c01bbd47fc00a2c39e90264f33305004495a9","hash":"37e7add7230474e1fcac95ae13ceb0b5d8cd8205"}
}
