TN:
SF:src\components\Button.js
FN:3,Button
FNF:1
FNH:1
FNDA:20,Button
DA:4,20
DA:5,20
DA:12,2
DA:18,2
LF:4
LH:4
BRF:0
BRH:0
end_of_record
TN:
SF:src\components\Calculator.js
FN:6,Calculator
FN:12,(anonymous_1)
FN:123,(anonymous_2)
FNF:3
FNH:2
FNDA:1,Calculator
FNDA:0,(anonymous_1)
FNDA:19,(anonymous_2)
DA:7,1
DA:12,1
DA:13,0
DA:14,0
DA:15,0
DA:17,1
DA:18,1
DA:116,1
DA:124,19
LF:9
LH:6
BRDA:121,0,0,1
BRDA:121,0,1,1
BRDA:121,0,2,1
BRDA:121,0,3,1
BRF:4
BRH:4
end_of_record
TN:
SF:src\components\Home.js
FN:1,Home
FNF:1
FNH:1
FNDA:1,Home
DA:2,1
LF:1
LH:1
BRF:0
BRH:0
end_of_record
TN:
SF:src\components\Nav.js
FN:5,(anonymous_0)
FNF:1
FNH:1
FNDA:1,(anonymous_0)
DA:5,1
DA:6,1
LF:2
LH:2
BRF:0
BRH:0
end_of_record
TN:
SF:src\components\Quote.js
FN:4,(anonymous_0)
FN:15,(anonymous_1)
FN:16,(anonymous_2)
FNF:3
FNH:3
FNDA:1,(anonymous_0)
FNDA:1,(anonymous_1)
FNDA:1,(anonymous_2)
DA:4,1
DA:5,1
DA:12,1
DA:13,1
DA:15,1
DA:16,1
DA:17,1
DA:18,1
DA:19,1
DA:20,1
DA:26,0
DA:27,0
DA:28,0
DA:30,0
DA:31,0
DA:34,1
DA:37,1
DA:38,1
DA:45,0
DA:46,0
DA:53,0
LF:21
LH:13
BRDA:37,0,0,1
BRDA:37,0,1,0
BRDA:45,1,0,0
BRDA:45,1,1,0
BRF:4
BRH:1
end_of_record
TN:
SF:src\logic\calculate.js
FN:3,isNumber
FN:16,calculate
FNF:2
FNH:2
FNDA:1,isNumber
FNDA:2,calculate
DA:4,1
DA:17,2
DA:18,1
DA:25,1
DA:26,0
DA:27,0
DA:30,0
DA:31,0
DA:32,0
DA:34,0
DA:37,0
DA:38,0
DA:43,0
DA:49,1
DA:50,0
DA:51,0
DA:52,0
DA:54,0
DA:56,0
DA:57,0
DA:59,0
DA:60,0
DA:61,0
DA:63,0
DA:65,0
DA:68,1
DA:69,0
DA:70,0
DA:77,0
DA:80,1
DA:81,0
DA:82,0
DA:84,0
DA:85,0
DA:87,0
DA:99,1
DA:100,0
DA:104,1
DA:105,0
DA:106,0
DA:108,0
DA:109,0
DA:112,0
DA:122,1
DA:123,0
DA:127,1
LF:46
LH:11
BRDA:17,0,0,1
BRDA:17,0,1,1
BRDA:25,1,0,0
BRDA:25,1,1,1
BRDA:26,2,0,0
BRDA:26,2,1,0
BRDA:26,3,0,0
BRDA:26,3,1,0
BRDA:30,4,0,0
BRDA:30,4,1,0
BRDA:31,5,0,0
BRDA:31,5,1,0
BRDA:31,6,0,0
BRDA:31,6,1,0
BRDA:37,7,0,0
BRDA:37,7,1,0
BRDA:37,8,0,0
BRDA:37,8,1,0
BRDA:49,9,0,0
BRDA:49,9,1,1
BRDA:50,10,0,0
BRDA:50,10,1,0
BRDA:51,11,0,0
BRDA:51,11,1,0
BRDA:56,12,0,0
BRDA:56,12,1,0
BRDA:59,13,0,0
BRDA:59,13,1,0
BRDA:60,14,0,0
BRDA:60,14,1,0
BRDA:68,15,0,0
BRDA:68,15,1,1
BRDA:69,16,0,0
BRDA:69,16,1,0
BRDA:69,17,0,0
BRDA:69,17,1,0
BRDA:80,18,0,0
BRDA:80,18,1,1
BRDA:81,19,0,0
BRDA:81,19,1,0
BRDA:84,20,0,0
BRDA:84,20,1,0
BRDA:99,21,0,0
BRDA:99,21,1,1
BRDA:99,22,0,1
BRDA:99,22,1,0
BRDA:99,22,2,0
BRDA:104,23,0,0
BRDA:104,23,1,1
BRDA:105,24,0,0
BRDA:105,24,1,0
BRDA:105,25,0,0
BRDA:105,25,1,0
BRDA:108,26,0,0
BRDA:108,26,1,0
BRDA:122,27,0,0
BRDA:122,27,1,1
BRF:57
BRH:10
end_of_record
